<?xml version="1.0" encoding="UTF-8"?>
<robot generator="Robot 7.1.1 (Python 3.10.12 on linux)" generated="2024-11-16T15:56:13.789522" rpa="false" schemaversion="5">
<suite id="s1" name="Tests" source="/home/paville/Desktop/git projects/ohtu/webcounter/src/tests">
<suite id="s1-s1" name="Increment" source="/home/paville/Desktop/git projects/ohtu/webcounter/src/tests/increment.robot">
<kw name="Open And Configure Browser" owner="resource" type="SETUP">
<if>
<branch type="IF" condition="$BROWSER == 'chrome'">
<kw name="Evaluate" owner="BuiltIn">
<msg time="2024-11-16T15:56:13.939520" level="INFO">${options} = &lt;selenium.webdriver.chrome.options.Options object at 0x746ed4969480&gt;</msg>
<var>${options}</var>
<arg>sys.modules['selenium.webdriver'].ChromeOptions()</arg>
<arg>sys</arg>
<doc>Evaluates the given expression in Python and returns the result.</doc>
<status status="PASS" start="2024-11-16T15:56:13.939142" elapsed="0.000428"/>
</kw>
<status status="PASS" start="2024-11-16T15:56:13.935835" elapsed="0.003828"/>
</branch>
<branch type="ELSE IF" condition="$BROWSER == 'firefox'">
<kw name="Evaluate" owner="BuiltIn">
<var>${options}</var>
<arg>sys.modules['selenium.webdriver'].FirefoxOptions()</arg>
<arg>sys</arg>
<doc>Evaluates the given expression in Python and returns the result.</doc>
<status status="NOT RUN" start="2024-11-16T15:56:13.939851" elapsed="0.000036"/>
</kw>
<status status="NOT RUN" start="2024-11-16T15:56:13.939714" elapsed="0.000229"/>
</branch>
<status status="PASS" start="2024-11-16T15:56:13.935800" elapsed="0.004189"/>
</if>
<if>
<branch type="IF" condition="$HEADLESS == 'true'">
<kw name="Set Selenium Speed" owner="SeleniumLibrary">
<arg>0</arg>
<doc>Sets the delay that is waited after each Selenium command.</doc>
<status status="NOT RUN" start="2024-11-16T15:56:13.940269" elapsed="0.000033"/>
</kw>
<kw name="Call Method" owner="BuiltIn">
<arg>${options}</arg>
<arg>add_argument</arg>
<arg>--headless</arg>
<doc>Calls the named method of the given object with the provided arguments.</doc>
<status status="NOT RUN" start="2024-11-16T15:56:13.940413" elapsed="0.000028"/>
</kw>
<status status="NOT RUN" start="2024-11-16T15:56:13.940053" elapsed="0.000438"/>
</branch>
<branch type="ELSE">
<kw name="Set Selenium Speed" owner="SeleniumLibrary">
<arg>${DELAY}</arg>
<doc>Sets the delay that is waited after each Selenium command.</doc>
<status status="PASS" start="2024-11-16T15:56:13.940629" elapsed="0.000303"/>
</kw>
<status status="PASS" start="2024-11-16T15:56:13.940529" elapsed="0.000481"/>
</branch>
<status status="PASS" start="2024-11-16T15:56:13.940036" elapsed="0.001014"/>
</if>
<kw name="Open Browser" owner="SeleniumLibrary">
<msg time="2024-11-16T15:56:13.941504" level="INFO">Opening browser 'chrome' to base url 'None'.</msg>
<msg time="2024-11-16T15:56:14.004805" level="WARN">The chromedriver version (130.0.6723.91) detected in PATH at /usr/bin/chromedriver might not be compatible with the detected chrome version (131.0.6778.69); currently, chromedriver 131.0.6778.69 is recommended for chrome 131.*, so it is advised to delete the driver in PATH and retry</msg>
<arg>browser=${BROWSER}</arg>
<arg>options=${options}</arg>
<doc>Opens a new browser instance to the optional ``url``.</doc>
<status status="PASS" start="2024-11-16T15:56:13.941182" elapsed="0.744300"/>
</kw>
<status status="PASS" start="2024-11-16T15:56:13.935536" elapsed="0.750294"/>
</kw>
<test id="s1-s1-t1" name="At start the counter is zero" line="7">
<kw name="Go To" owner="SeleniumLibrary">
<msg time="2024-11-16T15:56:14.687779" level="INFO">Opening url 'http://localhost:5001'</msg>
<arg>${HOME_URL}</arg>
<doc>Navigates the current browser window to the provided ``url``.</doc>
<status status="PASS" start="2024-11-16T15:56:14.687276" elapsed="0.572063"/>
</kw>
<kw name="Title Should Be" owner="SeleniumLibrary">
<msg time="2024-11-16T15:56:15.770754" level="INFO">Page title is 'Laskuri'.</msg>
<arg>Laskuri</arg>
<doc>Verifies that the current page title equals ``title``.</doc>
<status status="PASS" start="2024-11-16T15:56:15.259907" elapsed="0.511219"/>
</kw>
<kw name="Page Should Contain" owner="SeleniumLibrary">
<msg time="2024-11-16T15:56:16.808944" level="INFO">Current page contains text 'nappia painettu 0 kertaa'.</msg>
<arg>nappia painettu 0 kertaa</arg>
<doc>Verifies that current page contains ``text``.</doc>
<status status="PASS" start="2024-11-16T15:56:15.771711" elapsed="1.037630"/>
</kw>
<status status="PASS" start="2024-11-16T15:56:14.686156" elapsed="2.123911"/>
</test>
<test id="s1-s1-t2" name="When button pressed twice the counter is two" line="12">
<kw name="Go To" owner="SeleniumLibrary">
<msg time="2024-11-16T15:56:16.812468" level="INFO">Opening url 'http://localhost:5001'</msg>
<arg>${HOME_URL}</arg>
<doc>Navigates the current browser window to the provided ``url``.</doc>
<status status="PASS" start="2024-11-16T15:56:16.812062" elapsed="0.527655"/>
</kw>
<kw name="Click Button" owner="SeleniumLibrary">
<msg time="2024-11-16T15:56:17.342649" level="INFO">Clicking button 'Paina'.</msg>
<arg>Paina</arg>
<doc>Clicks the button identified by ``locator``.</doc>
<status status="PASS" start="2024-11-16T15:56:17.341283" elapsed="1.626484"/>
</kw>
<kw name="Click Button" owner="SeleniumLibrary">
<msg time="2024-11-16T15:56:18.970469" level="INFO">Clicking button 'Paina'.</msg>
<arg>Paina</arg>
<doc>Clicks the button identified by ``locator``.</doc>
<status status="PASS" start="2024-11-16T15:56:18.969322" elapsed="1.607160"/>
</kw>
<kw name="Page Should Contain" owner="SeleniumLibrary">
<msg time="2024-11-16T15:56:21.609143" level="INFO">Current page contains text 'nappia painettu 2 kertaa'.</msg>
<arg>nappia painettu 2 kertaa</arg>
<doc>Verifies that current page contains ``text``.</doc>
<status status="PASS" start="2024-11-16T15:56:20.577766" elapsed="1.031758"/>
</kw>
<status status="PASS" start="2024-11-16T15:56:16.810789" elapsed="4.799355"/>
</test>
<test id="s1-s1-t3" name="When Nollaa button pressed counter is zero" line="18">
<kw name="Go To" owner="SeleniumLibrary">
<msg time="2024-11-16T15:56:21.611836" level="INFO">Opening url 'http://localhost:5001'</msg>
<arg>${HOME_URL}</arg>
<doc>Navigates the current browser window to the provided ``url``.</doc>
<status status="PASS" start="2024-11-16T15:56:21.611445" elapsed="0.534858"/>
</kw>
<kw name="Click Button" owner="SeleniumLibrary">
<msg time="2024-11-16T15:56:22.147778" level="INFO">Clicking button 'Paina'.</msg>
<arg>Paina</arg>
<doc>Clicks the button identified by ``locator``.</doc>
<status status="PASS" start="2024-11-16T15:56:22.147155" elapsed="1.602279"/>
</kw>
<kw name="Click Button" owner="SeleniumLibrary">
<msg time="2024-11-16T15:56:23.751557" level="INFO">Clicking button 'Nollaa'.</msg>
<arg>Nollaa</arg>
<doc>Clicks the button identified by ``locator``.</doc>
<status status="PASS" start="2024-11-16T15:56:23.750691" elapsed="1.624992"/>
</kw>
<kw name="Page Should Contain" owner="SeleniumLibrary">
<msg time="2024-11-16T15:56:26.405599" level="INFO">Current page contains text 'nappia painettu 0 kertaa'.</msg>
<arg>nappia painettu 0 kertaa</arg>
<doc>Verifies that current page contains ``text``.</doc>
<status status="PASS" start="2024-11-16T15:56:25.376944" elapsed="1.029163"/>
</kw>
<status status="PASS" start="2024-11-16T15:56:21.610690" elapsed="4.796335"/>
</test>
<kw name="Close Browser" owner="SeleniumLibrary" type="TEARDOWN">
<doc>Closes the current browser.</doc>
<status status="PASS" start="2024-11-16T15:56:26.409003" elapsed="0.561877"/>
</kw>
<status status="PASS" start="2024-11-16T15:56:13.810666" elapsed="13.160457"/>
</suite>
<status status="PASS" start="2024-11-16T15:56:13.790624" elapsed="13.182326"/>
</suite>
<statistics>
<total>
<stat pass="3" fail="0" skip="0">All Tests</stat>
</total>
<tag>
</tag>
<suite>
<stat pass="3" fail="0" skip="0" id="s1" name="Tests">Tests</stat>
<stat pass="3" fail="0" skip="0" id="s1-s1" name="Increment">Tests.Increment</stat>
</suite>
</statistics>
<errors>
<msg time="2024-11-16T15:56:14.004805" level="WARN">The chromedriver version (130.0.6723.91) detected in PATH at /usr/bin/chromedriver might not be compatible with the detected chrome version (131.0.6778.69); currently, chromedriver 131.0.6778.69 is recommended for chrome 131.*, so it is advised to delete the driver in PATH and retry</msg>
</errors>
</robot>
